started dart pub run build_runner watch --output build --release --define build_web_compilers:entrypoint=compiler=dartdevc --use-polling-watcher --delete-conflicting-outputs
[INFO] Generating build script...
[INFO] Generating build script completed, took 422ms

[INFO] Precompiling build script......
[INFO] Precompiling build script... completed, took 1.6s

[INFO] Setting up file watchers...
[INFO] Setting up file watchers completed, took 10ms

[INFO] Waiting for all file watchers to be ready...
[INFO] Waiting for all file watchers to be ready completed, took 37ms

[INFO] Initializing inputs
[INFO] Reading cached asset graph...
[WARNING] Throwing away cached asset graph due to Dart SDK update.
[INFO] Cleaning up outputs from previous builds....
[INFO] Cleaning up outputs from previous builds. completed, took 22ms

[INFO] Terminating. No further builds will be scheduled

[INFO] Builds finished. Safe to exit

[INFO] Generating build script...
[INFO] Generating build script completed, took 81ms

[WARNING] Invalidated precompiled build script due to missing asset graph.
[INFO] Precompiling build script......
[INFO] Precompiling build script... completed, took 1.3s

[INFO] Setting up file watchers...
[INFO] Setting up file watchers completed, took 10ms

[INFO] Waiting for all file watchers to be ready...
[INFO] Waiting for all file watchers to be ready completed, took 31ms

[INFO] Initializing inputs
[INFO] Building new asset graph...
[INFO] Building new asset graph completed, took 1.0s

[INFO] Checking for unexpected pre-existing outputs....
[INFO] Checking for unexpected pre-existing outputs. completed, took 2ms

[INFO] Running build...
[INFO] Generating SDK summary...
[INFO] 3.3s elapsed, 0/1 actions completed.
[INFO] Generating SDK summary completed, took 3.2s

[INFO] 4.4s elapsed, 0/2 actions completed.
[INFO] 5.5s elapsed, 0/2 actions completed.
[INFO] 6.5s elapsed, 938/938 actions completed.
[INFO] Running build completed, took 6.6s

[INFO] Caching finalized dependency graph...
[INFO] Caching finalized dependency graph completed, took 154ms

[INFO] Reading manifest at build\.build.manifest...
[INFO] Reading manifest at build\.build.manifest completed, took 0ms

[INFO] Deleting previous outputs in `build`...
[INFO] Deleting previous outputs in `build` completed, took 0ms

[INFO] Creating merged output dir `build`...
[INFO] Creating merged output dir `build` completed, took 168ms

[INFO] Writing asset manifest...
[INFO] Writing asset manifest completed, took 1ms

[INFO] Succeeded after 6.9s with 35 outputs (1454 actions)

