started dart pub run build_runner watch --output build --release --define build_web_compilers:entrypoint=compiler=dartdevc --use-polling-watcher --delete-conflicting-outputs
[INFO] Generating build script...
[INFO] Generating build script completed, took 423ms

[INFO] Setting up file watchers...
[INFO] Setting up file watchers completed, took 10ms

[INFO] Waiting for all file watchers to be ready...
[INFO] Waiting for all file watchers to be ready completed, took 47ms

[INFO] Initializing inputs
[INFO] Reading cached asset graph...
[INFO] Reading cached asset graph completed, took 228ms

[INFO] Checking for updates since last build...
[INFO] Checking for updates since last build completed, took 609ms

[INFO] Running build...
[INFO] Running build completed, took 315ms

[INFO] Caching finalized dependency graph...
[INFO] Caching finalized dependency graph completed, took 215ms

[INFO] Reading manifest at build\.build.manifest...
[INFO] Reading manifest at build\.build.manifest completed, took 0ms

[INFO] Deleting previous outputs in `build`...
[INFO] Deleting previous outputs in `build` completed, took 0ms

[INFO] Creating merged output dir `build`...
[INFO] Creating merged output dir `build` completed, took 57ms

[INFO] Writing asset manifest...
[INFO] Writing asset manifest completed, took 8ms

[INFO] Succeeded after 628ms with 1 outputs (2 actions)

